# JRE version: OpenJDK Runtime Environment (11.0.13) (build 11.0.13+0-b1751.21-8125866)
# Java VM: OpenJDK 64-Bit Server VM (11.0.13+0-b1751.21-8125866, mixed mode, tiered, compressed oops, g1 gc, windows-amd64)
Heap:
 garbage-first heap   total 573440K, used 187934K [0x0000000080000000, 0x0000000100000000)
  region size 1024K, 1 young (1024K), 1 survivors (1024K)
 Metaspace       used 134187K, capacity 137159K, committed 138064K, reserved 1169408K
  class space    used 16239K, capacity 17288K, committed 17568K, reserved 1048576K
GC Heap History (20 events):
Event: 6736.854 GC heap after
{Heap after GC invocations=96 (full 0):
 garbage-first heap   total 286720K, used 197101K [0x0000000080000000, 0x0000000100000000)
  region size 1024K, 6 young (6144K), 6 survivors (6144K)
 Metaspace       used 127971K, capacity 130878K, committed 131792K, reserved 1165312K
  class space    used 15675K, capacity 16684K, committed 16928K, reserved 1048576K
}
Event: 6738.539 GC heap before
{Heap before GC invocations=97 (full 0):
 garbage-first heap   total 286720K, used 244205K [0x0000000080000000, 0x0000000100000000)
  region size 1024K, 44 young (45056K), 6 survivors (6144K)
 Metaspace       used 130114K, capacity 133063K, committed 133840K, reserved 1165312K
  class space    used 15935K, capacity 16987K, committed 17184K, reserved 1048576K
}
Event: 6738.571 GC heap after
{Heap after GC invocations=98 (full 0):
 garbage-first heap   total 286720K, used 201435K [0x0000000080000000, 0x0000000100000000)
  region size 1024K, 5 young (5120K), 5 survivors (5120K)
 Metaspace       used 130114K, capacity 133063K, committed 133840K, reserved 1165312K
  class space    used 15935K, capacity 16987K, committed 17184K, reserved 1048576K
}
Event: 6738.856 GC heap before
{Heap before GC invocations=98 (full 0):
 garbage-first heap   total 286720K, used 210651K [0x0000000080000000, 0x0000000100000000)
  region size 1024K, 14 young (14336K), 5 survivors (5120K)
 Metaspace       used 130192K, capacity 133063K, committed 133840K, reserved 1165312K
  class space    used 15943K, capacity 16987K, committed 17184K, reserved 1048576K
}
Event: 6738.883 GC heap after
{Heap after GC invocations=99 (full 0):
 garbage-first heap   total 286720K, used 202716K [0x0000000080000000, 0x0000000100000000)
  region size 1024K, 2 young (2048K), 2 survivors (2048K)
 Metaspace       used 130192K, capacity 133063K, committed 133840K, reserved 1165312K
  class space    used 15943K, capacity 16987K, committed 17184K, reserved 1048576K
}
Event: 6738.938 GC heap before
{Heap before GC invocations=99 (full 0):
 garbage-first heap   total 286720K, used 203740K [0x0000000080000000, 0x0000000100000000)
  region size 1024K, 5 young (5120K), 2 survivors (2048K)
 Metaspace       used 130193K, capacity 133063K, committed 133840K, reserved 1165312K
  class space    used 15943K, capacity 16987K, committed 17184K, reserved 1048576K
}
Event: 6738.947 GC heap after
{Heap after GC invocations=100 (full 0):
 garbage-first heap   total 286720K, used 204123K [0x0000000080000000, 0x0000000100000000)
  region size 1024K, 4 young (4096K), 4 survivors (4096K)
 Metaspace       used 130193K, capacity 133063K, committed 133840K, reserved 1165312K
  class space    used 15943K, capacity 16987K, committed 17184K, reserved 1048576K
}
Event: 6739.378 GC heap before
{Heap before GC invocations=100 (full 0):
 garbage-first heap   total 286720K, used 243035K [0x0000000080000000, 0x0000000100000000)
  region size 1024K, 26 young (26624K), 4 survivors (4096K)
 Metaspace       used 130657K, capacity 133612K, committed 134480K, reserved 1167360K
  class space    used 15972K, capacity 17031K, committed 17312K, reserved 1048576K
}
Event: 6739.393 GC heap after
{Heap after GC invocations=101 (full 0):
 garbage-first heap   total 286720K, used 207738K [0x0000000080000000, 0x0000000100000000)
  region size 1024K, 4 young (4096K), 4 survivors (4096K)
 Metaspace       used 130657K, capacity 133612K, committed 134480K, reserved 1167360K
  class space    used 15972K, capacity 17031K, committed 17312K, reserved 1048576K
}
Event: 6739.991 GC heap before
{Heap before GC invocations=102 (full 0):
 garbage-first heap   total 286720K, used 230266K [0x0000000080000000, 0x0000000100000000)
  region size 1024K, 27 young (27648K), 4 survivors (4096K)
 Metaspace       used 131536K, capacity 134509K, committed 135248K, reserved 1167360K
  class space    used 16027K, capacity 17065K, committed 17312K, reserved 1048576K
}
Event: 6740.178 GC heap after
{Heap after GC invocations=103 (full 0):
 garbage-first heap   total 286720K, used 212606K [0x0000000080000000, 0x0000000100000000)
  region size 1024K, 4 young (4096K), 4 survivors (4096K)
 Metaspace       used 131536K, capacity 134509K, committed 135248K, reserved 1167360K
  class space    used 16027K, capacity 17065K, committed 17312K, reserved 1048576K
}
Event: 6740.301 GC heap before
{Heap before GC invocations=103 (full 0):
 garbage-first heap   total 286720K, used 222846K [0x0000000080000000, 0x0000000100000000)
  region size 1024K, 14 young (14336K), 4 survivors (4096K)
 Metaspace       used 131594K, capacity 134573K, committed 135504K, reserved 1167360K
  class space    used 16029K, capacity 17065K, committed 17312K, reserved 1048576K
}
Event: 6740.352 GC heap after
{Heap after GC invocations=104 (full 0):
 garbage-first heap   total 286720K, used 213800K [0x0000000080000000, 0x0000000100000000)
  region size 1024K, 2 young (2048K), 2 survivors (2048K)
 Metaspace       used 131594K, capacity 134573K, committed 135504K, reserved 1167360K
  class space    used 16029K, capacity 17065K, committed 17312K, reserved 1048576K
}
Event: 6741.530 GC heap before
{Heap before GC invocations=104 (full 0):
 garbage-first heap   total 286720K, used 235304K [0x0000000080000000, 0x0000000100000000)
  region size 1024K, 24 young (24576K), 2 survivors (2048K)
 Metaspace       used 133916K, capacity 136877K, committed 137680K, reserved 1169408K
  class space    used 16227K, capacity 17257K, committed 17440K, reserved 1048576K
}
Event: 6741.577 GC heap after
{Heap after GC invocations=105 (full 0):
 garbage-first heap   total 286720K, used 218214K [0x0000000080000000, 0x0000000100000000)
  region size 1024K, 3 young (3072K), 3 survivors (3072K)
 Metaspace       used 133916K, capacity 136877K, committed 137680K, reserved 1169408K
  class space    used 16227K, capacity 17257K, committed 17440K, reserved 1048576K
}
Event: 6742.596 GC heap before
{Heap before GC invocations=106 (full 0):
 garbage-first heap   total 286720K, used 235622K [0x0000000080000000, 0x0000000100000000)
  region size 1024K, 24 young (24576K), 3 survivors (3072K)
 Metaspace       used 134143K, capacity 137095K, committed 138064K, reserved 1169408K
  class space    used 16238K, capacity 17288K, committed 17568K, reserved 1048576K
}
Event: 6742.603 GC heap after
{Heap after GC invocations=107 (full 0):
 garbage-first heap   total 286720K, used 216036K [0x0000000080000000, 0x0000000100000000)
  region size 1024K, 3 young (3072K), 3 survivors (3072K)
 Metaspace       used 134143K, capacity 137095K, committed 138064K, reserved 1169408K
  class space    used 16238K, capacity 17288K, committed 17568K, reserved 1048576K
}
Event: 6743.847 GC heap before
{Heap before GC invocations=107 (full 0):
 garbage-first heap   total 286720K, used 227300K [0x0000000080000000, 0x0000000100000000)
  region size 1024K, 14 young (14336K), 3 survivors (3072K)
 Metaspace       used 134174K, capacity 137159K, committed 138064K, reserved 1169408K
  class space    used 16238K, capacity 17288K, committed 17568K, reserved 1048576K
}
Event: 6743.892 GC heap after
{Heap after GC invocations=108 (full 0):
 garbage-first heap   total 286720K, used 191939K [0x0000000080000000, 0x0000000100000000)
  region size 1024K, 1 young (1024K), 1 survivors (1024K)
 Metaspace       used 134174K, capacity 137159K, committed 138064K, reserved 1169408K
  class space    used 16238K, capacity 17288K, committed 17568K, reserved 1048576K
}
Event: 6744.521 GC heap before
{Heap before GC invocations=108 (full 0):
 garbage-first heap   total 286720K, used 205251K [0x0000000080000000, 0x0000000100000000)
  region size 1024K, 14 young (14336K), 1 survivors (1024K)
 Metaspace       used 134187K, capacity 137159K, committed 138064K, reserved 1169408K
  class space    used 16239K, capacity 17288K, committed 17568K, reserved 1048576K
}

